<?xml version="1.0" encoding="UTF-8"?>
<!-- Generated by org.testng.reporters.JUnitReportReporter -->
<testsuite hostname="MacBook-Air.local" name="in.srssprojects.admin.KeximHomePage" tests="1" failures="0" timestamp="2 Jul 2016 10:01:23 GMT" time="0.030" errors="0">
  <testcase name="testMethod" time="0.030" classname="in.srssprojects.admin.KeximHomePage"/>
</testsuite> <!-- in.srssprojects.admin.KeximHomePage -->
